-------------------------------------------------------------------------------
Test set: mx.iteso.tables.Table1Test
-------------------------------------------------------------------------------
Tests run: 3, Failures: 3, Errors: 0, Skipped: 0, Time elapsed: 0.001 sec <<< FAILURE!
mx.iteso.tables.Table1Test.testDrinks()  Time elapsed: 0 sec  <<< FAILURE!
java.lang.NullPointerException
	at mx.iteso.tables.Table1Test.testDrinks(Table1Test.java:36)

mx.iteso.tables.Table1Test.testDishes()  Time elapsed: 0 sec  <<< FAILURE!
java.lang.NullPointerException
	at mx.iteso.tables.Table1Test.testDishes(Table1Test.java:26)

mx.iteso.tables.Table1Test.testTableName()  Time elapsed: 0 sec  <<< FAILURE!
java.lang.NullPointerException
	at mx.iteso.tables.Table1Test.testTableName(Table1Test.java:21)

