-------------------------------------------------------------------------------
Test set: mx.iteso.tables.Table2Test
-------------------------------------------------------------------------------
Tests run: 3, Failures: 3, Errors: 0, Skipped: 0, Time elapsed: 0.001 sec <<< FAILURE!
mx.iteso.tables.Table2Test.testDrinks()  Time elapsed: 0 sec  <<< FAILURE!
java.lang.NullPointerException
	at mx.iteso.tables.Table2Test.testDrinks(Table2Test.java:35)

mx.iteso.tables.Table2Test.testDishes()  Time elapsed: 0 sec  <<< FAILURE!
java.lang.NullPointerException
	at mx.iteso.tables.Table2Test.testDishes(Table2Test.java:26)

mx.iteso.tables.Table2Test.testTableName()  Time elapsed: 0 sec  <<< FAILURE!
java.lang.NullPointerException
	at mx.iteso.tables.Table2Test.testTableName(Table2Test.java:21)

